2019-06-23,08:06:1561251114:server.conf 载入成功 ···
2019-06-23,08:06:1561251114:server start success ···
2019-06-23,09:06:1561251687:server.conf 载入成功 ···
2019-06-23,09:06:1561251687:client connect success ···
2019-06-23,09:06:1561251784:server.conf 载入成功 ···
2019-06-23,09:06:1561251784:client connect success ···
2019-06-23,09:06:1561252038:server.conf 载入成功 ···
2019-06-23,09:06:1561252038:server is already runing ···
2019-06-23,09:06:1561252042:server.conf 载入成功 ···
2019-06-23,09:06:1561252042:client connect success ···
2019-06-23,09:06:1561252267:server.conf 载入成功 ···
2019-06-23,09:06:1561252267:client connect success ···
2019-06-23,09:06:1561252492:server.conf 载入成功 ···
2019-06-23,09:06:1561252492:server start success ···
2019-06-23,09:06:1561252496:server.conf 载入成功 ···
2019-06-23,09:06:1561252525:server.conf 载入成功 ···
2019-06-23,09:06:1561252525:client is already stop ···
2019-06-23,09:06:1561252641:server.conf 载入成功 ···
2019-06-23,09:06:1561252641:server is already runing ···
2019-06-23,09:06:1561252648:server.conf 载入成功 ···
2019-06-23,09:06:1561252648:server stop success ···
2019-06-23,09:06:1561252695:server.conf 载入成功 ···
2019-06-23,09:06:1561252695:server start success ···
2019-06-23,09:06:1561252701:server.conf 载入成功 ···
2019-06-23,09:06:1561252714:server.conf 载入成功 ···
2019-06-23,09:06:1561252714:server stop success ···
2019-06-23,09:06:1561253567:server.conf 载入成功 ···
2019-06-23,09:06:1561253567:server start success ···
2019-06-23,09:06:1561253572:server.conf 载入成功 ···
2019-06-23,09:06:1561253578:server.conf 载入成功 ···
2019-06-23,09:06:1561253578:server stop success ···
2019-06-23,09:06:1561254230:server.conf 载入成功 ···
2019-06-23,09:06:1561254230:server start success ···
2019-06-23,09:06:1561254278:server.conf 载入成功 ···
2019-06-23,09:06:1561254278:server stop success ···
2019-06-23,09:06:1561254716:server.conf 载入成功 ···
2019-06-23,09:06:1561254716:server start success ···
2019-06-23,09:06:1561254892:server.conf 载入成功 ···
2019-06-23,09:06:1561254892:server stop success ···
