2019-06-24,20:06:1561378523:server.conf 载入成功 ···
2019-06-24,20:06:1561378527:server.conf 载入成功 ···
2019-06-24,20:06:1561378528:server.conf 载入成功 ···
2019-06-24,20:06:1561378572:server.conf 载入成功 ···
2019-06-24,20:06:1561378572:server start success ···
2019-06-24,20:06:1561378625:server.conf 载入成功 ···
2019-06-24,20:06:1561378625:server start success ···
2019-06-24,20:06:1561378635:server.conf 载入成功 ···
2019-06-24,20:06:1561378636:server is already stop ···
2019-06-24,20:06:1561378660:server.conf 载入成功 ···
2019-06-24,20:06:1561378660:server start success ···
2019-06-24,20:06:1561378666:server.conf 载入成功 ···
2019-06-24,20:06:1561378666:server is already stop ···
2019-06-24,20:06:1561379112:server.conf 载入成功 ···
2019-06-24,20:06:1561379112:server start success ···
2019-06-24,20:06:1561379151:server.conf 载入成功 ···
2019-06-24,20:06:1561379151:server stop success ···
2019-06-24,20:06:1561379295:server.conf 载入成功 ···
2019-06-24,20:06:1561379295:server start success ···
2019-06-24,20:06:1561379297:server.conf 载入成功 ···
2019-06-24,20:06:1561379297:client start success ···
2019-06-24,20:06:1561379347:server.conf 载入成功 ···
2019-06-24,20:06:1561379347:client start success ···
2019-06-24,20:06:1561379453:server.conf 载入成功 ···
2019-06-24,20:06:1561379461:client start success ···
2019-06-24,20:06:1561379530:server.conf 载入成功 ···
2019-06-24,20:06:1561379530:server stop success ···
2019-06-24,20:06:1561379541:server.conf 载入成功 ···
2019-06-24,20:06:1561379541:server start success ···
2019-06-24,20:06:1561379544:server.conf 载入成功 ···
2019-06-24,20:06:1561379562:client start success ···
2019-06-24,20:06:1561379919:server.conf 载入成功 ···
2019-06-24,20:06:1561379919:server is already runing ···
2019-06-24,20:06:1561379926:server.conf 载入成功 ···
2019-06-24,20:06:1561379940:client start success ···
2019-06-25,13:06:1561439390:server.conf 载入成功 ···
2019-06-25,13:06:1561439390:server is already runing ···
2019-06-25,13:06:1561439406:server.conf 载入成功 ···
2019-06-25,13:06:1561439406:server stop success ···
2019-06-25,13:06:1561439775:server.conf 载入成功 ···
2019-06-25,13:06:1561439775:server start success ···
2019-06-25,13:06:1561439778:server.conf 载入成功 ···
2019-06-25,13:06:1561439797:client start success ···
2019-06-25,13:06:1561439798:server.conf 载入成功 ···
2019-06-25,13:06:1561439809:client start success ···
2019-06-25,13:06:1561439814:server.conf 载入成功 ···
2019-06-25,13:06:1561439814:server stop success ···
